{
  "C:\\Users\\HP\\Documents\\GitHub\\web\\frontend\\app\\src\\components\\landing\\WelcomeScreen.tsx": {
    "path": "C:\\Users\\HP\\Documents\\GitHub\\web\\frontend\\app\\src\\components\\landing\\WelcomeScreen.tsx",
    "statementMap": {
      "0": {
        "start": { "line": 1, "column": 0 },
        "end": { "line": 1, "column": 25 }
      },
      "1": {
        "start": { "line": 2, "column": 0 },
        "end": { "line": 2, "column": 42 }
      },
      "2": {
        "start": { "line": 8, "column": 52 },
        "end": { "line": 15, "column": 1 }
      },
      "3": {
        "start": { "line": 9, "column": 2 },
        "end": { "line": 14, "column": null }
      },
      "4": {
        "start": { "line": 17, "column": 0 },
        "end": { "line": 17, "column": null }
      }
    },
    "fnMap": {
      "0": {
        "name": "(anonymous_1)",
        "decl": {
          "start": { "line": 8, "column": 52 },
          "end": { "line": 8, "column": 53 }
        },
        "loc": {
          "start": { "line": 8, "column": 72 },
          "end": { "line": 15, "column": 1 }
        }
      }
    },
    "branchMap": {},
    "s": { "0": 1, "1": 1, "2": 1, "3": 1, "4": 1 },
    "f": { "0": 1 },
    "b": {}
  }
}
